<?xml version="1.0" encoding="UTF-8"?>
<!-- Generated by org.testng.reporters.JUnitXMLReporter -->
<testsuite ignored="0" hostname="Gopi" failures="0" tests="15" name="OrangeHRM" time="73.285" errors="0" timestamp="2023-05-03T11:25:37 IST">
  <testcase classname="TestNGFrameWork.ConfigureOption" name="loginCredentails" time="0.032"/>
  <testcase classname="TestNGFrameWork.TrackersAdd" name="loginCredentails" time="0.027"/>
  <testcase classname="TestNGFrameWork.AddButton" name="loginCredentails" time="0.024"/>
  <testcase classname="TestNGFrameWork.Search" name="loginCredentails" time="0.022"/>
  <testcase classname="TestNGFrameWork.TrackerinKPIs" name="loginCredentails" time="0.02"/>
  <testcase classname="TestNGFrameWork.PerformanceFeature" name="loginCredentails" time="0.019"/>
  <testcase classname="TestNGFrameWork.OrangeHRMLogin" name="loginCredentails" time="0.019"/>
  <testcase classname="TestNGFrameWork.JobTitleinKPIs" name="loginCredentails" time="0.018"/>
  <testcase classname="TestNGFrameWork.KPIs" name="loginCredentails" time="0.024"/>
  <testcase classname="TestNGFrameWork.ManageReviews" name="loginCredentails" time="0.017"/>
  <testcase classname="TestNGFrameWork.MyReview" name="loginCredentails" time="0.017"/>
  <testcase classname="TestNGFrameWork.FillDetailsinAddTrackers" name="loginCredentails" time="0.019"/>
  <testcase classname="TestNGFrameWork.FillDetails" name="loginCredentails" time="0.027"/>
  <testcase classname="TestNGFrameWork.OrangeHRMAlertPopUp" name="loginCredentails" time="0.019"/>
  <testcase classname="TestNGFrameWork.EmployeeTrackers" name="loginCredentails" time="0.015"/>
</testsuite> <!-- OrangeHRM -->
